{"D:\\ReactJS\\210927-React-JS\\Module-05\\jest-test-demo\\src\\App.jsx": {"path":"D:\\ReactJS\\210927-React-JS\\Module-05\\jest-test-demo\\src\\App.jsx","statementMap":{"0":{"start":{"line":4,"column":2},"end":{"line":8,"column":3}}},"fnMap":{"0":{"name":"App","decl":{"start":{"line":2,"column":9},"end":{"line":2,"column":12}},"loc":{"start":{"line":2,"column":15},"end":{"line":9,"column":1}},"line":2}},"branchMap":{},"s":{"0":1},"f":{"0":1},"b":{},"_coverageSchema":"1a1c01bbd47fc00a2c39e90264f33305004495a9","hash":"b57419df021e8794358083b4cea11972bff967b8"}
,"D:\\ReactJS\\210927-React-JS\\Module-05\\jest-test-demo\\src\\main.jsx": {"path":"D:\\ReactJS\\210927-React-JS\\Module-05\\jest-test-demo\\src\\main.jsx","statementMap":{"0":{"start":{"line":6,"column":0},"end":{"line":10,"column":1}}},"fnMap":{},"branchMap":{},"s":{"0":0},"f":{},"b":{}}
,"D:\\ReactJS\\210927-React-JS\\Module-05\\jest-test-demo\\src\\components\\Counter.jsx": {"path":"D:\\ReactJS\\210927-React-JS\\Module-05\\jest-test-demo\\src\\components\\Counter.jsx","statementMap":{"0":{"start":{"line":4,"column":30},"end":{"line":4,"column":41}},"1":{"start":{"line":5,"column":2},"end":{"line":10,"column":3}},"2":{"start":{"line":8,"column":30},"end":{"line":8,"column":57}},"3":{"start":{"line":8,"column":49},"end":{"line":8,"column":56}}},"fnMap":{"0":{"name":"Counter","decl":{"start":{"line":3,"column":9},"end":{"line":3,"column":16}},"loc":{"start":{"line":3,"column":19},"end":{"line":11,"column":1}},"line":3},"1":{"name":"(anonymous_1)","decl":{"start":{"line":8,"column":25},"end":{"line":8,"column":26}},"loc":{"start":{"line":8,"column":30},"end":{"line":8,"column":57}},"line":8},"2":{"name":"(anonymous_2)","decl":{"start":{"line":8,"column":39},"end":{"line":8,"column":40}},"loc":{"start":{"line":8,"column":49},"end":{"line":8,"column":56}},"line":8}},"branchMap":{},"s":{"0":4,"1":4,"2":2,"3":2},"f":{"0":4,"1":2,"2":2},"b":{},"_coverageSchema":"1a1c01bbd47fc00a2c39e90264f33305004495a9","hash":"20a841b9399514ff28d1a621a0705cd41ecd1b0b"}
,"D:\\ReactJS\\210927-React-JS\\Module-05\\jest-test-demo\\src\\components\\Greeting.jsx": {"path":"D:\\ReactJS\\210927-React-JS\\Module-05\\jest-test-demo\\src\\components\\Greeting.jsx","statementMap":{"0":{"start":{"line":4,"column":2},"end":{"line":6,"column":3}}},"fnMap":{"0":{"name":"Greeting","decl":{"start":{"line":3,"column":9},"end":{"line":3,"column":17}},"loc":{"start":{"line":3,"column":26},"end":{"line":7,"column":1}},"line":3}},"branchMap":{},"s":{"0":1},"f":{"0":1},"b":{},"_coverageSchema":"1a1c01bbd47fc00a2c39e90264f33305004495a9","hash":"79a1ed2cbf294e847a5f98fa8ff74e7033efe8cc"}
,"D:\\ReactJS\\210927-React-JS\\Module-05\\jest-test-demo\\src\\components\\ProductDetail.jsx": {"path":"D:\\ReactJS\\210927-React-JS\\Module-05\\jest-test-demo\\src\\components\\ProductDetail.jsx","statementMap":{"0":{"start":{"line":4,"column":34},"end":{"line":4,"column":46}},"1":{"start":{"line":5,"column":34},"end":{"line":5,"column":48}},"2":{"start":{"line":6,"column":30},"end":{"line":6,"column":44}},"3":{"start":{"line":8,"column":4},"end":{"line":21,"column":19}},"4":{"start":{"line":10,"column":12},"end":{"line":18,"column":13}},"5":{"start":{"line":11,"column":33},"end":{"line":11,"column":89}},"6":{"start":{"line":12,"column":29},"end":{"line":12,"column":50}},"7":{"start":{"line":13,"column":16},"end":{"line":13,"column":32}},"8":{"start":{"line":15,"column":16},"end":{"line":15,"column":37}},"9":{"start":{"line":17,"column":16},"end":{"line":17,"column":33}},"10":{"start":{"line":20,"column":8},"end":{"line":20,"column":22}},"11":{"start":{"line":23,"column":4},"end":{"line":23,"column":40}},"12":{"start":{"line":23,"column":16},"end":{"line":23,"column":40}},"13":{"start":{"line":24,"column":4},"end":{"line":24,"column":42}},"14":{"start":{"line":24,"column":14},"end":{"line":24,"column":42}},"15":{"start":{"line":26,"column":2},"end":{"line":30,"column":3}}},"fnMap":{"0":{"name":"ProductDetail","decl":{"start":{"line":3,"column":9},"end":{"line":3,"column":22}},"loc":{"start":{"line":3,"column":36},"end":{"line":31,"column":1}},"line":3},"1":{"name":"(anonymous_1)","decl":{"start":{"line":8,"column":14},"end":{"line":8,"column":15}},"loc":{"start":{"line":8,"column":18},"end":{"line":21,"column":5}},"line":8},"2":{"name":"fetchProduct","decl":{"start":{"line":9,"column":23},"end":{"line":9,"column":35}},"loc":{"start":{"line":9,"column":38},"end":{"line":19,"column":9}},"line":9}},"branchMap":{"0":{"loc":{"start":{"line":23,"column":4},"end":{"line":23,"column":40}},"type":"if","locations":[{"start":{"line":23,"column":4},"end":{"line":23,"column":40}},{"start":{},"end":{}}],"line":23},"1":{"loc":{"start":{"line":24,"column":4},"end":{"line":24,"column":42}},"type":"if","locations":[{"start":{"line":24,"column":4},"end":{"line":24,"column":42}},{"start":{},"end":{}}],"line":24},"2":{"loc":{"start":{"line":28,"column":9},"end":{"line":28,"column":65}},"type":"cond-expr","locations":[{"start":{"line":28,"column":19},"end":{"line":28,"column":43}},{"start":{"line":28,"column":46},"end":{"line":28,"column":65}}],"line":28}},"s":{"0":4,"1":4,"2":4,"3":4,"4":2,"5":2,"6":2,"7":2,"8":0,"9":2,"10":2,"11":4,"12":2,"13":2,"14":0,"15":2},"f":{"0":4,"1":2,"2":2},"b":{"0":[2,2],"1":[0,2],"2":[1,1]},"_coverageSchema":"1a1c01bbd47fc00a2c39e90264f33305004495a9","hash":"242c5de0584c7f4bf6d381197c7ce4134aae4f46"}
,"D:\\ReactJS\\210927-React-JS\\Module-05\\jest-test-demo\\src\\components\\RegisterForm.jsx": {"path":"D:\\ReactJS\\210927-React-JS\\Module-05\\jest-test-demo\\src\\components\\RegisterForm.jsx","statementMap":{"0":{"start":{"line":4,"column":20},"end":{"line":4,"column":28}},"1":{"start":{"line":5,"column":21},"end":{"line":5,"column":29}},"2":{"start":{"line":6,"column":25},"end":{"line":11,"column":5}},"3":{"start":{"line":7,"column":8},"end":{"line":7,"column":31}},"4":{"start":{"line":8,"column":21},"end":{"line":8,"column":42}},"5":{"start":{"line":9,"column":22},"end":{"line":9,"column":44}},"6":{"start":{"line":10,"column":8},"end":{"line":10,"column":31}},"7":{"start":{"line":12,"column":2},"end":{"line":26,"column":3}}},"fnMap":{"0":{"name":"RegisterForm","decl":{"start":{"line":3,"column":9},"end":{"line":3,"column":21}},"loc":{"start":{"line":3,"column":36},"end":{"line":27,"column":1}},"line":3},"1":{"name":"(anonymous_1)","decl":{"start":{"line":6,"column":25},"end":{"line":6,"column":26}},"loc":{"start":{"line":6,"column":34},"end":{"line":11,"column":5}},"line":6}},"branchMap":{},"s":{"0":2,"1":2,"2":2,"3":1,"4":1,"5":1,"6":1,"7":2},"f":{"0":2,"1":1},"b":{},"_coverageSchema":"1a1c01bbd47fc00a2c39e90264f33305004495a9","hash":"ac174d1330b96ab6fb1c9b680b84d8ca91f3ede8"}
}
