TN:
SF:src\App.jsx
FN:2,App
FNF:1
FNH:1
FNDA:1,App
DA:4,1
LF:1
LH:1
BRF:0
BRH:0
end_of_record
TN:
SF:src\main.jsx
FNF:0
FNH:0
DA:6,0
LF:1
LH:0
BRF:0
BRH:0
end_of_record
TN:
SF:src\components\Counter.jsx
FN:3,Counter
FN:8,(anonymous_1)
FN:8,(anonymous_2)
FNF:3
FNH:3
FNDA:4,Counter
FNDA:2,(anonymous_1)
FNDA:2,(anonymous_2)
DA:4,4
DA:5,4
DA:8,2
LF:3
LH:3
BRF:0
BRH:0
end_of_record
TN:
SF:src\components\Greeting.jsx
FN:3,Greeting
FNF:1
FNH:1
FNDA:1,Greeting
DA:4,1
LF:1
LH:1
BRF:0
BRH:0
end_of_record
TN:
SF:src\components\ProductDetail.jsx
FN:3,ProductDetail
FN:8,(anonymous_1)
FN:9,fetchProduct
FNF:3
FNH:3
FNDA:4,ProductDetail
FNDA:2,(anonymous_1)
FNDA:2,fetchProduct
DA:4,4
DA:5,4
DA:6,4
DA:8,4
DA:10,2
DA:11,2
DA:12,2
DA:13,2
DA:15,0
DA:17,2
DA:20,2
DA:23,4
DA:24,2
DA:26,2
LF:14
LH:13
BRDA:23,0,0,2
BRDA:23,0,1,2
BRDA:24,1,0,0
BRDA:24,1,1,2
BRDA:28,2,0,1
BRDA:28,2,1,1
BRF:6
BRH:5
end_of_record
TN:
SF:src\components\RegisterForm.jsx
FN:3,RegisterForm
FN:6,(anonymous_1)
FNF:2
FNH:2
FNDA:2,RegisterForm
FNDA:1,(anonymous_1)
DA:4,2
DA:5,2
DA:6,2
DA:7,1
DA:8,1
DA:9,1
DA:10,1
DA:12,2
LF:8
LH:8
BRF:0
BRH:0
end_of_record
